<?xml version="1.0" encoding="UTF-8"?>
<!-- Generated by org.testng.reporters.JUnitXMLReporter -->
<testsuite ignored="1" hostname="Bharath" failures="0" tests="7" name="EdgeTest" time="2.139" errors="0" timestamp="2025-10-01T22:25:13 IST">
  <testcase classname="testng.framework.concepts.AppCommons" name="testCase1" time="0.01"/>
  <testcase classname="testng.framework.concepts.AppCommons" name="testCase1" time="0.001"/>
  <testcase classname="testng.framework.concepts.AppCommons" name="testCase1" time="0.002"/>
  <testcase classname="testng.framework.concepts.AppCommons" name="testCase4" time="2.016"/>
  <testcase classname="testng.framework.concepts.AppCommons" name="loginTest" time="0.01"/>
  <testcase classname="testng.framework.concepts.AppCommons" name="loginTest" time="0.003"/>
  <testcase classname="testng.framework.concepts.AppCommons" name="loginTest" time="0.004"/>
  <testcase classname="testng.framework.concepts.AppCommons" name="testCase2" time="0.0">
    <ignored/>
  </testcase> <!-- testCase2 -->
</testsuite> <!-- EdgeTest -->
