<?xml version="1.0" encoding="UTF-8"?>
<!-- Generated by org.testng.reporters.JUnitXMLReporter -->
<testsuite ignored="1" hostname="Bharath" failures="0" tests="7" name="Test" time="2.088" errors="0" timestamp="2025-10-01T22:58:22 IST">
  <testcase classname="testng.framework.concepts.AppCommons" name="testCase1" time="0.008"/>
  <testcase classname="testng.framework.concepts.AppCommons" name="testCase1" time="0.002"/>
  <testcase classname="testng.framework.concepts.AppCommons" name="testCase1" time="0.002"/>
  <testcase classname="testng.framework.concepts.AppCommons" name="testCase4" time="2.01"/>
  <testcase classname="testng.framework.concepts.AppCommons" name="loginTest" time="0.005"/>
  <testcase classname="testng.framework.concepts.AppCommons" name="loginTest" time="0.0"/>
  <testcase classname="testng.framework.concepts.AppCommons" name="loginTest" time="0.0"/>
  <testcase classname="testng.framework.concepts.AppCommons" name="testCase2" time="0.0">
    <ignored/>
  </testcase> <!-- testCase2 -->
</testsuite> <!-- Test -->
