<?xml version="1.0" encoding="UTF-8"?>
<testng-results ignored="1" total="8" passed="7" failed="0" skipped="0">
  <reporter-output>
  </reporter-output>
  <suite started-at="2025-10-01T22:58:20 IST" name="Suite" finished-at="2025-10-01T22:58:22 IST" duration-ms="2088">
    <groups>
      <group name="regression">
        <method signature="AppCommons.loginTest(java.lang.String,java.lang.String,java.lang.String)[pri:2, instance:testng.framework.concepts.AppCommons@6d763516]" name="loginTest" class="testng.framework.concepts.AppCommons"/>
        <method signature="AppCommons.testCase4()[pri:1, instance:testng.framework.concepts.AppCommons@6d763516]" name="testCase4" class="testng.framework.concepts.AppCommons"/>
      </group> <!-- regression -->
      <group name="smoke">
        <method signature="AppCommons.testCase1()[pri:0, instance:testng.framework.concepts.AppCommons@6d763516]" name="testCase1" class="testng.framework.concepts.AppCommons"/>
      </group> <!-- smoke -->
      <group name="sanity">
        <method signature="AppCommons.loginTest(java.lang.String,java.lang.String,java.lang.String)[pri:2, instance:testng.framework.concepts.AppCommons@6d763516]" name="loginTest" class="testng.framework.concepts.AppCommons"/>
      </group> <!-- sanity -->
    </groups>
    <test started-at="2025-10-01T22:58:20 IST" name="Test" finished-at="2025-10-01T22:58:22 IST" duration-ms="2088">
      <class name="testng.framework.concepts.AppCommons">
        <test-method is-config="true" signature="startReporting()[pri:0, instance:testng.framework.concepts.AppCommons@6d763516]" started-at="2025-10-01T22:58:20 IST" name="startReporting" finished-at="2025-10-01T22:58:20 IST" duration-ms="13" status="PASS">
          <reporter-output>
          </reporter-output>
        </test-method> <!-- startReporting -->
        <test-method is-config="true" signature="launchBrowserAndApplication(java.lang.String,java.lang.String)[pri:0, instance:testng.framework.concepts.AppCommons@6d763516]" started-at="2025-10-01T22:58:20 IST" name="launchBrowserAndApplication" finished-at="2025-10-01T22:58:20 IST" duration-ms="3" status="PASS">
          <params>
            <param index="0">
              <value>
                <![CDATA[chrome]]>
              </value>
            </param>
            <param index="1">
              <value>
                <![CDATA[https://www.amazon.in/]]>
              </value>
            </param>
          </params>
          <reporter-output>
          </reporter-output>
        </test-method> <!-- launchBrowserAndApplication -->
        <test-method signature="testCase1()[pri:0, instance:testng.framework.concepts.AppCommons@6d763516]" started-at="2025-10-01T22:58:20 IST" name="testCase1" finished-at="2025-10-01T22:58:20 IST" duration-ms="8" status="PASS">
          <reporter-output>
          </reporter-output>
        </test-method> <!-- testCase1 -->
        <test-method is-config="true" signature="closeBrowser()[pri:0, instance:testng.framework.concepts.AppCommons@6d763516]" started-at="2025-10-01T22:58:20 IST" name="closeBrowser" finished-at="2025-10-01T22:58:20 IST" duration-ms="0" status="PASS">
          <reporter-output>
          </reporter-output>
        </test-method> <!-- closeBrowser -->
        <test-method signature="testCase1()[pri:0, instance:testng.framework.concepts.AppCommons@6d763516]" started-at="2025-10-01T22:58:20 IST" name="testCase1" finished-at="2025-10-01T22:58:20 IST" duration-ms="2" status="PASS">
          <reporter-output>
          </reporter-output>
        </test-method> <!-- testCase1 -->
        <test-method is-config="true" signature="launchBrowserAndApplication(java.lang.String,java.lang.String)[pri:0, instance:testng.framework.concepts.AppCommons@6d763516]" started-at="2025-10-01T22:58:20 IST" name="launchBrowserAndApplication" finished-at="2025-10-01T22:58:20 IST" duration-ms="0" status="PASS">
          <params>
            <param index="0">
              <value>
                <![CDATA[chrome]]>
              </value>
            </param>
            <param index="1">
              <value>
                <![CDATA[https://www.amazon.in/]]>
              </value>
            </param>
          </params>
          <reporter-output>
          </reporter-output>
        </test-method> <!-- launchBrowserAndApplication -->
        <test-method is-config="true" signature="launchBrowserAndApplication(java.lang.String,java.lang.String)[pri:0, instance:testng.framework.concepts.AppCommons@6d763516]" started-at="2025-10-01T22:58:20 IST" name="launchBrowserAndApplication" finished-at="2025-10-01T22:58:20 IST" duration-ms="0" status="PASS">
          <params>
            <param index="0">
              <value>
                <![CDATA[chrome]]>
              </value>
            </param>
            <param index="1">
              <value>
                <![CDATA[https://www.amazon.in/]]>
              </value>
            </param>
          </params>
          <reporter-output>
          </reporter-output>
        </test-method> <!-- launchBrowserAndApplication -->
        <test-method signature="testCase1()[pri:0, instance:testng.framework.concepts.AppCommons@6d763516]" started-at="2025-10-01T22:58:20 IST" name="testCase1" finished-at="2025-10-01T22:58:20 IST" duration-ms="2" status="PASS">
          <reporter-output>
          </reporter-output>
        </test-method> <!-- testCase1 -->
        <test-method is-config="true" signature="closeBrowser()[pri:0, instance:testng.framework.concepts.AppCommons@6d763516]" started-at="2025-10-01T22:58:20 IST" name="closeBrowser" finished-at="2025-10-01T22:58:20 IST" duration-ms="0" status="PASS">
          <reporter-output>
          </reporter-output>
        </test-method> <!-- closeBrowser -->
        <test-method is-config="true" signature="closeBrowser()[pri:0, instance:testng.framework.concepts.AppCommons@6d763516]" started-at="2025-10-01T22:58:20 IST" name="closeBrowser" finished-at="2025-10-01T22:58:20 IST" duration-ms="0" status="PASS">
          <reporter-output>
          </reporter-output>
        </test-method> <!-- closeBrowser -->
        <test-method is-config="true" signature="launchBrowserAndApplication(java.lang.String,java.lang.String)[pri:0, instance:testng.framework.concepts.AppCommons@6d763516]" started-at="2025-10-01T22:58:20 IST" name="launchBrowserAndApplication" finished-at="2025-10-01T22:58:20 IST" duration-ms="2" status="PASS">
          <params>
            <param index="0">
              <value>
                <![CDATA[chrome]]>
              </value>
            </param>
            <param index="1">
              <value>
                <![CDATA[https://www.amazon.in/]]>
              </value>
            </param>
          </params>
          <reporter-output>
          </reporter-output>
        </test-method> <!-- launchBrowserAndApplication -->
        <test-method signature="testCase4()[pri:1, instance:testng.framework.concepts.AppCommons@6d763516]" started-at="2025-10-01T22:58:20 IST" name="testCase4" finished-at="2025-10-01T22:58:22 IST" duration-ms="2010" status="PASS">
          <reporter-output>
          </reporter-output>
        </test-method> <!-- testCase4 -->
        <test-method is-config="true" signature="closeBrowser()[pri:0, instance:testng.framework.concepts.AppCommons@6d763516]" started-at="2025-10-01T22:58:22 IST" name="closeBrowser" finished-at="2025-10-01T22:58:22 IST" duration-ms="0" status="PASS">
          <reporter-output>
          </reporter-output>
        </test-method> <!-- closeBrowser -->
        <test-method is-config="true" signature="launchBrowserAndApplication(java.lang.String,java.lang.String)[pri:0, instance:testng.framework.concepts.AppCommons@6d763516]" started-at="2025-10-01T22:58:22 IST" name="launchBrowserAndApplication" finished-at="2025-10-01T22:58:22 IST" duration-ms="1" status="PASS">
          <params>
            <param index="0">
              <value>
                <![CDATA[chrome]]>
              </value>
            </param>
            <param index="1">
              <value>
                <![CDATA[https://www.amazon.in/]]>
              </value>
            </param>
          </params>
          <reporter-output>
          </reporter-output>
        </test-method> <!-- launchBrowserAndApplication -->
        <test-method signature="loginTest(java.lang.String,java.lang.String,java.lang.String)[pri:2, instance:testng.framework.concepts.AppCommons@6d763516]" started-at="2025-10-01T22:58:22 IST" name="loginTest" data-provider="loginData" finished-at="2025-10-01T22:58:22 IST" duration-ms="5" status="PASS">
          <params>
            <param index="0">
              <value>
                <![CDATA[User1]]>
              </value>
            </param>
            <param index="1">
              <value>
                <![CDATA[Pass1]]>
              </value>
            </param>
            <param index="2">
              <value>
                <![CDATA[Answer1]]>
              </value>
            </param>
          </params>
          <reporter-output>
          </reporter-output>
        </test-method> <!-- loginTest -->
        <test-method is-config="true" signature="closeBrowser()[pri:0, instance:testng.framework.concepts.AppCommons@6d763516]" started-at="2025-10-01T22:58:22 IST" name="closeBrowser" finished-at="2025-10-01T22:58:22 IST" duration-ms="0" status="PASS">
          <reporter-output>
          </reporter-output>
        </test-method> <!-- closeBrowser -->
        <test-method is-config="true" signature="launchBrowserAndApplication(java.lang.String,java.lang.String)[pri:0, instance:testng.framework.concepts.AppCommons@6d763516]" started-at="2025-10-01T22:58:22 IST" name="launchBrowserAndApplication" finished-at="2025-10-01T22:58:22 IST" duration-ms="0" status="PASS">
          <params>
            <param index="0">
              <value>
                <![CDATA[chrome]]>
              </value>
            </param>
            <param index="1">
              <value>
                <![CDATA[https://www.amazon.in/]]>
              </value>
            </param>
          </params>
          <reporter-output>
          </reporter-output>
        </test-method> <!-- launchBrowserAndApplication -->
        <test-method signature="loginTest(java.lang.String,java.lang.String,java.lang.String)[pri:2, instance:testng.framework.concepts.AppCommons@6d763516]" started-at="2025-10-01T22:58:22 IST" name="loginTest" data-provider="loginData" finished-at="2025-10-01T22:58:22 IST" duration-ms="0" status="PASS">
          <params>
            <param index="0">
              <value>
                <![CDATA[User2]]>
              </value>
            </param>
            <param index="1">
              <value>
                <![CDATA[Pass2]]>
              </value>
            </param>
            <param index="2">
              <value>
                <![CDATA[Answer2]]>
              </value>
            </param>
          </params>
          <reporter-output>
          </reporter-output>
        </test-method> <!-- loginTest -->
        <test-method is-config="true" signature="launchBrowserAndApplication(java.lang.String,java.lang.String)[pri:0, instance:testng.framework.concepts.AppCommons@6d763516]" started-at="2025-10-01T22:58:22 IST" name="launchBrowserAndApplication" finished-at="2025-10-01T22:58:22 IST" duration-ms="1" status="PASS">
          <params>
            <param index="0">
              <value>
                <![CDATA[chrome]]>
              </value>
            </param>
            <param index="1">
              <value>
                <![CDATA[https://www.amazon.in/]]>
              </value>
            </param>
          </params>
          <reporter-output>
          </reporter-output>
        </test-method> <!-- launchBrowserAndApplication -->
        <test-method is-config="true" signature="closeBrowser()[pri:0, instance:testng.framework.concepts.AppCommons@6d763516]" started-at="2025-10-01T22:58:22 IST" name="closeBrowser" finished-at="2025-10-01T22:58:22 IST" duration-ms="0" status="PASS">
          <reporter-output>
          </reporter-output>
        </test-method> <!-- closeBrowser -->
        <test-method signature="loginTest(java.lang.String,java.lang.String,java.lang.String)[pri:2, instance:testng.framework.concepts.AppCommons@6d763516]" started-at="2025-10-01T22:58:22 IST" name="loginTest" data-provider="loginData" finished-at="2025-10-01T22:58:22 IST" duration-ms="0" status="PASS">
          <params>
            <param index="0">
              <value>
                <![CDATA[User3]]>
              </value>
            </param>
            <param index="1">
              <value>
                <![CDATA[Pass3]]>
              </value>
            </param>
            <param index="2">
              <value>
                <![CDATA[Answer3]]>
              </value>
            </param>
          </params>
          <reporter-output>
          </reporter-output>
        </test-method> <!-- loginTest -->
        <test-method is-config="true" signature="closeBrowser()[pri:0, instance:testng.framework.concepts.AppCommons@6d763516]" started-at="2025-10-01T22:58:22 IST" name="closeBrowser" finished-at="2025-10-01T22:58:22 IST" duration-ms="0" status="PASS">
          <reporter-output>
          </reporter-output>
        </test-method> <!-- closeBrowser -->
        <test-method is-config="true" signature="stopReporting()[pri:0, instance:testng.framework.concepts.AppCommons@6d763516]" started-at="2025-10-01T22:58:22 IST" name="stopReporting" finished-at="2025-10-01T22:58:22 IST" duration-ms="1" status="PASS">
          <reporter-output>
          </reporter-output>
        </test-method> <!-- stopReporting -->
      </class> <!-- testng.framework.concepts.AppCommons -->
    </test> <!-- Test -->
  </suite> <!-- Suite -->
</testng-results>
